<?xml version="1.0" encoding="UTF-8"?>
<!-- Generated by org.testng.reporters.JUnitXMLReporter -->
<testsuite hostname="DESKTOP-R8GE9D4" ignored="0" name="Sample test" tests="2" failures="0" timestamp="22 Jan 2019 05:04:25 GMT" time="41.797" errors="0">
  <testcase name="AddCategories" time="17.438" classname="com.training.sanity.tests.DeleteCategoryTest"/>
  <testcase name="DeleteCategories" time="4.166" classname="com.training.sanity.tests.DeleteCategoryTest"/>
</testsuite> <!-- Sample test -->
