<?xml version="1.0" encoding="UTF-8"?>
<!-- Generated by org.testng.reporters.JUnitXMLReporter -->
<testsuite hostname="DESKTOP-R8GE9D4" ignored="0" name="Default test" tests="2" failures="0" timestamp="19 Jan 2019 12:48:58 GMT" time="26.676" errors="0">
  <testcase name="AddCategories" time="7.201" classname="com.training.sanity.tests.DeleteCategoryTest"/>
  <testcase name="DeleteCategories" time="3.95" classname="com.training.sanity.tests.DeleteCategoryTest"/>
</testsuite> <!-- Default test -->
