<?xml version="1.0" encoding="UTF-8"?>
<!-- Generated by org.testng.reporters.JUnitXMLReporter -->
<testsuite hostname="DESKTOP-R8GE9D4" ignored="0" name="Default test" tests="2" failures="0" timestamp="17 Jan 2019 11:37:35 GMT" time="29.175" errors="0">
  <testcase name="AddCategory" time="6.544" classname="com.training.sanity.tests.AddEditCatalogTest"/>
  <testcase name="Editcategory" time="5.696" classname="com.training.sanity.tests.AddEditCatalogTest"/>
</testsuite> <!-- Default test -->
