<?xml version="1.0" encoding="UTF-8"?>
<testng-results skipped="0" failed="0" ignored="0" total="1" passed="1">
  <reporter-output>
  </reporter-output>
  <suite name="Default suite" duration-ms="54792" started-at="2019-01-30T15:39:26Z" finished-at="2019-01-30T15:40:21Z">
    <groups>
    </groups>
    <test name="Default test" duration-ms="54792" started-at="2019-01-30T15:39:26Z" finished-at="2019-01-30T15:40:21Z">
      <class name="com.training.sanity.tests.PreLoginOrderTest">
        <test-method status="PASS" signature="setUpBeforeClass()[pri:0, instance:com.training.sanity.tests.PreLoginOrderTest@5c7fa833]" name="setUpBeforeClass" is-config="true" duration-ms="0" started-at="2019-01-30T21:09:26Z" finished-at="2019-01-30T21:09:26Z">
          <reporter-output>
          </reporter-output>
        </test-method> <!-- setUpBeforeClass -->
        <test-method status="PASS" signature="setUp()[pri:0, instance:com.training.sanity.tests.PreLoginOrderTest@5c7fa833]" name="setUp" is-config="true" duration-ms="12616" started-at="2019-01-30T21:09:26Z" finished-at="2019-01-30T21:09:39Z">
          <reporter-output>
          </reporter-output>
        </test-method> <!-- setUp -->
        <test-method status="PASS" signature="AdminLogin()[pri:0, instance:com.training.sanity.tests.PreLoginOrderTest@5c7fa833]" name="AdminLogin" duration-ms="40054" started-at="2019-01-30T21:09:39Z" finished-at="2019-01-30T21:10:19Z">
          <reporter-output>
          </reporter-output>
        </test-method> <!-- AdminLogin -->
        <test-method status="PASS" signature="tearDown()[pri:0, instance:com.training.sanity.tests.PreLoginOrderTest@5c7fa833]" name="tearDown" is-config="true" duration-ms="2090" started-at="2019-01-30T21:10:19Z" finished-at="2019-01-30T21:10:21Z">
          <reporter-output>
          </reporter-output>
        </test-method> <!-- tearDown -->
      </class> <!-- com.training.sanity.tests.PreLoginOrderTest -->
    </test> <!-- Default test -->
  </suite> <!-- Default suite -->
</testng-results>
